[16-09-2023 10:33:38.362 INFO com.vmo.nopcommerce.helper.Log] - Test successfully
[16-09-2023 10:36:20.827 INFO com.vmo.nopcommerce.helper.Log] - Test Status
[16-09-2023 10:36:24.667 INFO com.vmo.nopcommerce.helper.Log] - Test successfully
[16-09-2023 10:37:39.417 INFO] - Test Status
[16-09-2023 10:37:43.204 INFO] - Test successfully
[16-09-2023 11:07:07.505 INFO] - Open driver success
[16-09-2023 11:07:09.552 INFO] - Open correct page
[16-09-2023 11:07:11.397 INFO] - Select successfully currency
[16-09-2023 11:07:11.644 INFO] - List currency displayed correct
[16-09-2023 11:07:12.608 INFO] - Close dirver success
[16-09-2023 11:07:15.068 INFO] - Open driver success
[16-09-2023 11:07:16.633 INFO] - Open correct page
[16-09-2023 11:07:16.911 INFO] - Input data search success
[16-09-2023 11:07:18.460 INFO] - Product displayed the same data input
[16-09-2023 11:07:19.311 INFO] - Close dirver success
[16-09-2023 11:07:21.530 INFO] - Open driver success
[16-09-2023 11:07:23.462 INFO] - Open correct page
[16-09-2023 11:07:25.577 INFO] - Displayed screen software
[16-09-2023 11:07:25.839 INFO] - List product displayed Z -> A
[16-09-2023 11:07:26.737 INFO] - Close dirver success
[16-09-2023 11:07:29.016 INFO] - Open driver success
[16-09-2023 11:07:30.985 INFO] - Open correct page
[16-09-2023 11:07:31.191 INFO] - Open page facebook
[16-09-2023 11:07:33.304 INFO] - Switch to page facebook success
[16-09-2023 11:07:34.259 INFO] - Close dirver success
[16-09-2023 11:07:36.486 INFO] - Open driver success
[16-09-2023 11:07:38.686 INFO] - Open correct page
[16-09-2023 11:07:39.941 INFO] - Displayed screen detail
[16-09-2023 11:07:41.542 INFO] - Add comment success
[16-09-2023 11:07:41.589 INFO] - Displayed correct text after add cmt
[16-09-2023 11:07:42.452 INFO] - Close dirver success
[16-09-2023 11:07:44.790 INFO] - Open driver success
[16-09-2023 11:07:46.512 INFO] - Open correct page
[16-09-2023 11:07:50.222 INFO] - Close dirver success
[16-09-2023 11:07:52.700 INFO] - Open driver success
[16-09-2023 11:07:54.494 INFO] - Open correct page
[16-09-2023 11:07:55.625 INFO] - Open screen register success
[16-09-2023 11:07:55.671 INFO] - Open correct screen Register
[16-09-2023 11:07:56.262 INFO] - Input firstname success
[16-09-2023 11:07:56.469 INFO] - Input lastname success
[16-09-2023 11:07:56.683 INFO] - Input email success
[16-09-2023 11:07:56.858 INFO] - Input password success
[16-09-2023 11:07:57.044 INFO] - Input confirm password success
[16-09-2023 11:07:58.313 INFO] - Register success
[16-09-2023 11:07:58.359 INFO] - Displayed correct message after register
[16-09-2023 11:07:59.256 INFO] - Close dirver success
[21-09-2023 17:12:45.253 INFO] - Open driver success
[21-09-2023 17:12:47.146 INFO] - Open correct page
[21-09-2023 17:12:48.703 INFO] - Select successfully currency
[21-09-2023 17:12:48.864 INFO] - List currency displayed correct
[21-09-2023 17:12:50.516 INFO] - Close dirver success
[21-09-2023 17:47:38.142 INFO] - Open driver success
[21-09-2023 17:47:40.558 INFO] - Verify title successfully
[21-09-2023 17:47:43.090 INFO] - Select successfully
[21-09-2023 17:47:43.133 INFO] - Successfully
[21-09-2023 17:50:24.457 INFO] - Open driver success
[21-09-2023 17:50:27.351 INFO] - Verify title successfully
[21-09-2023 17:50:29.117 INFO] - Select successfully
[21-09-2023 17:50:29.159 INFO] - Successfully
[21-09-2023 17:50:29.321 INFO] - ---------- TC06_ChangeCurrency Success test ----------
