[27-09-2023 16:07:45.526 INFO] - Open correct page
[27-09-2023 16:07:45.671 INFO] - Input email success
[27-09-2023 16:07:45.771 INFO] - Input password success
[27-09-2023 16:07:46.904 INFO] - Login success
[27-09-2023 16:07:46.984 INFO] - Input email success
[27-09-2023 16:07:47.078 INFO] - Input password success
[27-09-2023 16:07:48.118 INFO] - Login success
[27-09-2023 16:07:48.209 INFO] - Input email success
[27-09-2023 16:07:48.284 INFO] - Input password success
[27-09-2023 16:07:49.323 INFO] - Login success
[27-09-2023 16:07:49.394 INFO] - Input email success
[27-09-2023 16:07:49.467 INFO] - Input password success
[27-09-2023 16:07:50.530 INFO] - Login success
[27-09-2023 16:07:50.624 INFO] - Input email success
[27-09-2023 16:07:50.726 INFO] - Input password success
[27-09-2023 16:07:51.766 INFO] - Login success
[27-09-2023 16:07:51.851 INFO] - Input email success
[27-09-2023 16:07:51.947 INFO] - Input password success
[27-09-2023 16:07:53.032 INFO] - Login success
[27-09-2023 16:07:53.152 INFO] - Input email success
[27-09-2023 16:07:53.239 INFO] - Input password success
[27-09-2023 16:07:54.373 INFO] - Login success
[27-09-2023 16:07:54.377 INFO] - ---------- Login_01_Loginsuccessfully Success test ----------
