[04-10-2023 14:57:02.213 INFO] - Open correct page
[04-10-2023 14:57:02.394 INFO] - Input email success
[04-10-2023 14:57:02.499 INFO] - Input password success
[04-10-2023 14:57:02.561 INFO] - Login success
[04-10-2023 14:57:02.566 INFO] - ---------- Login_01_loginSuccessfully Success test ----------
[04-10-2023 14:57:05.553 INFO] - Open correct page
[04-10-2023 14:57:05.668 INFO] - Input email success
[04-10-2023 14:57:05.791 INFO] - Input password success
[04-10-2023 14:57:05.849 INFO] - Login success
[04-10-2023 14:57:05.850 INFO] - ---------- Login_01_loginSuccessfully Success test ----------
[04-10-2023 14:57:08.128 INFO] - Open correct page
[04-10-2023 14:57:08.277 INFO] - Input email success
[04-10-2023 14:57:08.359 INFO] - Input password success
[04-10-2023 14:57:08.427 INFO] - Login success
[04-10-2023 14:57:08.427 INFO] - ---------- Login_01_loginSuccessfully Success test ----------
[04-10-2023 14:57:10.679 INFO] - Open correct page
[04-10-2023 14:57:10.814 INFO] - Input email success
[04-10-2023 14:57:10.920 INFO] - Input password success
[04-10-2023 14:57:10.987 INFO] - Login success
[04-10-2023 14:57:10.988 INFO] - ---------- Login_01_loginSuccessfully Success test ----------
[04-10-2023 14:57:13.393 INFO] - Open correct page
[04-10-2023 14:57:13.530 INFO] - Input email success
[04-10-2023 14:57:13.621 INFO] - Input password success
[04-10-2023 14:57:13.678 INFO] - Login success
[04-10-2023 14:57:13.678 INFO] - ---------- Login_01_loginSuccessfully Success test ----------
[04-10-2023 14:57:15.974 INFO] - Open correct page
[04-10-2023 14:57:16.121 INFO] - Input email success
[04-10-2023 14:57:16.239 INFO] - Input password success
[04-10-2023 14:57:16.291 INFO] - Login success
[04-10-2023 14:57:16.291 INFO] - ---------- Login_01_loginSuccessfully Success test ----------
[04-10-2023 14:57:18.636 INFO] - Open correct page
[04-10-2023 14:57:18.768 INFO] - Input email success
[04-10-2023 14:57:18.873 INFO] - Input password success
[04-10-2023 14:57:18.970 INFO] - Login success
[04-10-2023 14:57:18.971 INFO] - ---------- Login_01_loginSuccessfully Success test ----------
