[27-09-2023 19:05:10.191 INFO] - Open correct page
[27-09-2023 19:05:10.701 INFO] - Input email success
[27-09-2023 19:05:10.922 INFO] - Input password success
[27-09-2023 19:05:12.124 INFO] - Login success
[27-09-2023 19:05:12.282 INFO] - Input email success
[27-09-2023 19:05:12.481 INFO] - Input password success
[27-09-2023 19:05:13.602 INFO] - Login success
[27-09-2023 19:05:13.781 INFO] - Input email success
[27-09-2023 19:05:13.928 INFO] - Input password success
[27-09-2023 19:05:15.017 INFO] - Login success
[27-09-2023 19:05:15.165 INFO] - Input email success
[27-09-2023 19:05:15.313 INFO] - Input password success
[27-09-2023 19:05:16.444 INFO] - Login success
[27-09-2023 19:05:16.634 INFO] - Input email success
[27-09-2023 19:05:16.846 INFO] - Input password success
[27-09-2023 19:05:17.979 INFO] - Login success
[27-09-2023 19:05:18.167 INFO] - Input email success
[27-09-2023 19:05:18.356 INFO] - Input password success
[27-09-2023 19:05:19.474 INFO] - Login success
[27-09-2023 19:05:19.651 INFO] - Input email success
[27-09-2023 19:05:19.846 INFO] - Input password success
[27-09-2023 19:05:21.072 INFO] - Login success
[27-09-2023 19:05:21.119 INFO] - ---------- Login_01_Loginsuccessfully Success test ----------
