[22-09-2023 13:04:34.455 INFO] - Open correct page
[22-09-2023 13:04:35.747 INFO] - Select Currency Successfully
[22-09-2023 13:04:35.767 INFO] - Currency displayed correct
[22-09-2023 13:04:35.860 INFO] - ---------- TC06_ChangeCurrency Success test ----------
[22-09-2023 13:04:39.454 INFO] - Open correct page
[22-09-2023 13:04:39.556 INFO] - Input data search success
[22-09-2023 13:04:40.817 INFO] - Product displayed the same data input
[22-09-2023 13:04:40.818 INFO] - ---------- TC02_ProductSearch Success test ----------
[22-09-2023 13:04:44.098 INFO] - Open correct page
[22-09-2023 13:04:45.615 INFO] - Displayed screen software
[22-09-2023 13:04:45.781 INFO] - List product displayed Z -> A
[22-09-2023 13:04:45.782 INFO] - ---------- TC03_ProductSearchAndSort Success test ----------
[22-09-2023 13:04:49.185 INFO] - Open correct page
[22-09-2023 13:04:49.275 INFO] - Open page facebook
[22-09-2023 13:04:50.612 INFO] - Switch to page facebook success
[22-09-2023 13:04:50.613 INFO] - ---------- TC07_CheckselecctSocialMedia Success test ----------
[22-09-2023 13:04:54.307 INFO] - Open correct page
[22-09-2023 13:04:55.268 INFO] - Displayed screen detail
[22-09-2023 13:04:56.057 INFO] - Add comment success
[22-09-2023 13:04:56.123 INFO] - Displayed correct text after add cmt
[22-09-2023 13:04:56.123 INFO] - ---------- TC05_AddComment Success test ----------
[22-09-2023 13:04:57.013 INFO] - Close dirver success
[22-09-2023 13:04:59.701 INFO] - Open correct page
[22-09-2023 13:05:00.678 INFO] - Open screen login
[22-09-2023 13:05:00.686 INFO] - Open correct page
[22-09-2023 13:05:01.063 INFO] - Open screen forgot password
[22-09-2023 13:05:01.069 INFO] - Open correct page
[22-09-2023 13:05:01.167 INFO] - Input email successfully
[22-09-2023 13:05:01.583 INFO] - Forgot password success
[22-09-2023 13:05:01.606 INFO] - Displayed correct message after forgot password 
[22-09-2023 13:05:01.607 INFO] - ---------- TC04_ForgotPassword Success test ----------
[22-09-2023 13:05:04.402 INFO] - Open correct page
[22-09-2023 13:05:05.332 INFO] - Open screen register success
[22-09-2023 13:05:05.360 INFO] - Open correct screen Register
[22-09-2023 13:05:05.829 INFO] - Input firstname success
[22-09-2023 13:05:05.974 INFO] - Input lastname success
[22-09-2023 13:05:06.097 INFO] - Input email success
[22-09-2023 13:05:06.212 INFO] - Input password success
[22-09-2023 13:05:06.305 INFO] - Input confirm password success
[22-09-2023 13:05:07.001 INFO] - Register success
[22-09-2023 13:05:07.025 INFO] - Displayed correct message after register
[22-09-2023 13:05:07.026 INFO] - ---------- TC01_User_registration Success test ----------
