[05-10-2023 20:26:22.102 INFO] - Open correct page
[05-10-2023 20:26:24.364 INFO] - Input email success
[05-10-2023 20:26:25.042 INFO] - Input password success
[05-10-2023 20:26:25.848 INFO] - Login success
[05-10-2023 20:26:25.862 INFO] - ---------- Login_01_loginSuccessfully Success test ----------
[05-10-2023 20:26:38.937 INFO] - Open correct page
[05-10-2023 20:26:39.524 INFO] - Input email success
[05-10-2023 20:26:39.814 INFO] - Input password success
[05-10-2023 20:26:40.244 INFO] - Login success
[05-10-2023 20:26:40.247 INFO] - ---------- Login_01_loginSuccessfully Success test ----------
[05-10-2023 20:26:47.184 INFO] - Open correct page
[05-10-2023 20:26:47.785 INFO] - Input email success
[05-10-2023 20:26:48.011 INFO] - Input password success
[05-10-2023 20:26:48.461 INFO] - Login success
[05-10-2023 20:26:48.462 INFO] - ---------- Login_01_loginSuccessfully Success test ----------
[05-10-2023 20:26:55.682 INFO] - Open correct page
[05-10-2023 20:26:56.245 INFO] - Input email success
[05-10-2023 20:26:56.412 INFO] - Input password success
[05-10-2023 20:26:56.732 INFO] - Login success
[05-10-2023 20:26:56.741 INFO] - ---------- Login_01_loginSuccessfully Success test ----------
[05-10-2023 20:27:03.036 INFO] - Open correct page
[05-10-2023 20:27:03.666 INFO] - Input email success
[05-10-2023 20:27:03.914 INFO] - Input password success
[05-10-2023 20:27:04.195 INFO] - Login success
[05-10-2023 20:27:04.196 INFO] - ---------- Login_01_loginSuccessfully Success test ----------
[05-10-2023 20:27:10.129 INFO] - Open correct page
[05-10-2023 20:27:10.594 INFO] - Input email success
[05-10-2023 20:27:10.815 INFO] - Input password success
[05-10-2023 20:27:10.975 INFO] - Login success
[05-10-2023 20:27:10.978 INFO] - ---------- Login_01_loginSuccessfully Success test ----------
[05-10-2023 20:27:16.415 INFO] - Open correct page
[05-10-2023 20:27:16.902 INFO] - Input email success
[05-10-2023 20:27:17.134 INFO] - Input password success
[05-10-2023 20:27:17.664 INFO] - Login success
[05-10-2023 20:27:17.665 INFO] - ---------- Login_01_loginSuccessfully Success test ----------
