[22-09-2023 11:02:56.197 INFO] - Open correct page
[22-09-2023 11:02:57.487 INFO] - Select Currency Successfully
[22-09-2023 11:02:57.508 INFO] - Currency displayed correct
[22-09-2023 11:02:57.616 INFO] - ---------- TC06_ChangeCurrency Success test ----------
[22-09-2023 11:03:01.005 INFO] - Open correct page
[22-09-2023 11:03:01.098 INFO] - Input data search success
[22-09-2023 11:03:02.214 INFO] - Product displayed the same data input
[22-09-2023 11:03:02.214 INFO] - ---------- TC02_ProductSearch Success test ----------
[22-09-2023 11:03:05.325 INFO] - Open correct page
[22-09-2023 11:03:07.110 INFO] - Displayed screen software
[22-09-2023 11:03:07.241 INFO] - List product displayed Z -> A
[22-09-2023 11:03:07.242 INFO] - ---------- TC03_ProductSearchAndSort Success test ----------
[22-09-2023 11:03:10.459 INFO] - Open correct page
[22-09-2023 11:03:10.537 INFO] - Open page facebook
[22-09-2023 11:03:12.884 INFO] - Switch to page facebook success
[22-09-2023 11:03:12.885 INFO] - ---------- TC07_CheckselecctSocialMedia Success test ----------
[22-09-2023 11:03:15.518 INFO] - Open correct page
[22-09-2023 11:03:16.502 INFO] - Displayed screen detail
[22-09-2023 11:03:17.278 INFO] - Add comment success
[22-09-2023 11:03:17.352 INFO] - Displayed correct text after add cmt
[22-09-2023 11:03:17.352 INFO] - ---------- TC05_AddComment Success test ----------
[22-09-2023 11:03:18.179 INFO] - Close dirver success
[22-09-2023 11:03:20.440 INFO] - Open correct page
[22-09-2023 11:03:21.405 INFO] - Open screen login
[22-09-2023 11:03:21.419 INFO] - Open correct page
[22-09-2023 11:03:21.859 INFO] - Open screen forgot password
[22-09-2023 11:03:21.871 INFO] - Open correct page
[22-09-2023 11:03:22.008 INFO] - Input email successfully
[22-09-2023 11:03:22.318 INFO] - Forgot password success
[22-09-2023 11:03:22.415 INFO] - Displayed correct message after forgot password 
[22-09-2023 11:03:22.416 INFO] - ---------- TC04_ForgotPassword Success test ----------
[22-09-2023 11:03:25.561 INFO] - Open correct page
[22-09-2023 11:03:26.088 INFO] - Open screen register success
[22-09-2023 11:03:26.129 INFO] - Open correct screen Register
[22-09-2023 11:03:26.456 INFO] - Input firstname success
[22-09-2023 11:03:26.555 INFO] - Input lastname success
[22-09-2023 11:03:26.666 INFO] - Input email success
[22-09-2023 11:03:26.770 INFO] - Input password success
[22-09-2023 11:03:26.854 INFO] - Input confirm password success
[22-09-2023 11:03:27.503 INFO] - Register success
[22-09-2023 11:03:27.521 INFO] - Displayed correct message after register
[22-09-2023 11:03:27.522 INFO] - ---------- TC01_User_registration Success test ----------
