[27-09-2023 09:56:10.938 INFO] - Open correct page
[27-09-2023 09:56:11.090 INFO] - Input email success
[27-09-2023 09:56:11.178 INFO] - Input password success
[27-09-2023 09:56:12.329 INFO] - Login success
[27-09-2023 09:56:12.407 INFO] - Input email success
[27-09-2023 09:56:12.510 INFO] - Input password success
[27-09-2023 09:56:13.638 INFO] - Login success
[27-09-2023 09:56:13.759 INFO] - Input email success
[27-09-2023 09:56:13.837 INFO] - Input password success
[27-09-2023 09:56:14.950 INFO] - Login success
[27-09-2023 09:56:15.077 INFO] - Input email success
[27-09-2023 09:56:15.163 INFO] - Input password success
[27-09-2023 09:56:16.303 INFO] - Login success
[27-09-2023 09:56:16.443 INFO] - Input email success
[27-09-2023 09:56:16.543 INFO] - Input password success
[27-09-2023 09:56:17.604 INFO] - Login success
[27-09-2023 09:56:17.691 INFO] - Input email success
[27-09-2023 09:56:17.777 INFO] - Input password success
[27-09-2023 09:56:18.867 INFO] - Login success
[27-09-2023 09:56:18.980 INFO] - Input email success
[27-09-2023 09:56:19.073 INFO] - Input password success
[27-09-2023 09:56:20.287 INFO] - Login success
[27-09-2023 09:56:20.292 INFO] - ---------- Login_01_Loginsuccessfully Success test ----------
