[27-09-2023 22:01:11.368 INFO] - Open correct page
[27-09-2023 22:01:11.836 INFO] - Input email success
[27-09-2023 22:01:12.119 INFO] - Input password success
[27-09-2023 22:01:13.331 INFO] - Login success
[27-09-2023 22:01:13.476 INFO] - Input email success
[27-09-2023 22:01:13.662 INFO] - Input password success
[27-09-2023 22:01:14.783 INFO] - Login success
[27-09-2023 22:01:14.965 INFO] - Input email success
[27-09-2023 22:01:15.106 INFO] - Input password success
[27-09-2023 22:01:16.239 INFO] - Login success
[27-09-2023 22:01:16.381 INFO] - Input email success
[27-09-2023 22:01:16.517 INFO] - Input password success
[27-09-2023 22:01:17.659 INFO] - Login success
[27-09-2023 22:01:17.827 INFO] - Input email success
[27-09-2023 22:01:18.057 INFO] - Input password success
[27-09-2023 22:01:19.196 INFO] - Login success
[27-09-2023 22:01:19.387 INFO] - Input email success
[27-09-2023 22:01:19.604 INFO] - Input password success
[27-09-2023 22:01:20.746 INFO] - Login success
[27-09-2023 22:01:20.925 INFO] - Input email success
[27-09-2023 22:01:21.110 INFO] - Input password success
[27-09-2023 22:01:22.347 INFO] - Login success
[27-09-2023 22:01:22.375 INFO] - ---------- Login_01_Loginsuccessfully Success test ----------
