[27-09-2023 09:58:08.394 INFO] - Open correct page
[27-09-2023 09:58:08.566 INFO] - Input email success
[27-09-2023 09:58:08.653 INFO] - Input password success
[27-09-2023 09:58:09.778 INFO] - Login success
[27-09-2023 09:58:09.892 INFO] - Input email success
[27-09-2023 09:58:09.996 INFO] - Input password success
[27-09-2023 09:58:11.073 INFO] - Login success
[27-09-2023 09:58:11.222 INFO] - Input email success
[27-09-2023 09:58:11.329 INFO] - Input password success
[27-09-2023 09:58:12.367 INFO] - Login success
[27-09-2023 09:58:12.445 INFO] - Input email success
[27-09-2023 09:58:12.518 INFO] - Input password success
[27-09-2023 09:58:13.563 INFO] - Login success
[27-09-2023 09:58:13.682 INFO] - Input email success
[27-09-2023 09:58:13.799 INFO] - Input password success
[27-09-2023 09:58:14.841 INFO] - Login success
[27-09-2023 09:58:14.928 INFO] - Input email success
[27-09-2023 09:58:15.021 INFO] - Input password success
[27-09-2023 09:58:16.143 INFO] - Login success
[27-09-2023 09:58:16.301 INFO] - Input email success
[27-09-2023 09:58:16.418 INFO] - Input password success
[27-09-2023 09:58:17.494 INFO] - Login success
[27-09-2023 09:58:36.855 INFO] - ---------- Login_01_Loginsuccessfully FAILED test ----------
[27-09-2023 09:58:36.875 INFO] - ---------- Login_01_Loginsuccessfully FAILED test ----------
