[05-10-2023 20:15:28.751 INFO] - Open correct page
[05-10-2023 20:15:29.272 INFO] - Input email success
[05-10-2023 20:15:29.466 INFO] - Input password success
[05-10-2023 20:15:29.611 INFO] - Login success
[05-10-2023 20:15:29.626 INFO] - ---------- Login_01_loginSuccessfully Success test ----------
[05-10-2023 20:15:37.198 INFO] - Open correct page
[05-10-2023 20:15:37.458 INFO] - Input email success
[05-10-2023 20:15:37.788 INFO] - Input password success
[05-10-2023 20:15:37.904 INFO] - Login success
[05-10-2023 20:15:37.905 INFO] - ---------- Login_01_loginSuccessfully Success test ----------
[05-10-2023 20:15:43.158 INFO] - Open correct page
[05-10-2023 20:15:43.435 INFO] - Input email success
[05-10-2023 20:15:43.593 INFO] - Input password success
[05-10-2023 20:15:43.721 INFO] - Login success
[05-10-2023 20:15:43.722 INFO] - ---------- Login_01_loginSuccessfully Success test ----------
[05-10-2023 20:15:49.098 INFO] - Open correct page
[05-10-2023 20:15:49.329 INFO] - Input email success
[05-10-2023 20:15:49.486 INFO] - Input password success
[05-10-2023 20:15:49.605 INFO] - Login success
[05-10-2023 20:15:49.606 INFO] - ---------- Login_01_loginSuccessfully Success test ----------
[05-10-2023 20:15:54.835 INFO] - Open correct page
[05-10-2023 20:15:55.127 INFO] - Input email success
[05-10-2023 20:15:55.301 INFO] - Input password success
[05-10-2023 20:15:55.425 INFO] - Login success
[05-10-2023 20:15:55.426 INFO] - ---------- Login_01_loginSuccessfully Success test ----------
[05-10-2023 20:16:00.195 INFO] - Open correct page
[05-10-2023 20:16:00.449 INFO] - Input email success
[05-10-2023 20:16:00.644 INFO] - Input password success
[05-10-2023 20:16:00.754 INFO] - Login success
[05-10-2023 20:16:00.755 INFO] - ---------- Login_01_loginSuccessfully Success test ----------
[05-10-2023 20:16:06.011 INFO] - Open correct page
[05-10-2023 20:16:06.292 INFO] - Input email success
[05-10-2023 20:16:06.478 INFO] - Input password success
[05-10-2023 20:16:06.696 INFO] - Login success
[05-10-2023 20:16:06.698 INFO] - ---------- Login_01_loginSuccessfully Success test ----------
