[27-09-2023 09:53:30.578 INFO] - Open correct page
[27-09-2023 09:53:30.772 INFO] - Input email success
[27-09-2023 09:53:30.873 INFO] - Input password success
[27-09-2023 09:53:32.016 INFO] - Login success
[27-09-2023 09:53:32.116 INFO] - Input email success
[27-09-2023 09:53:32.218 INFO] - Input password success
[27-09-2023 09:53:33.270 INFO] - Login success
[27-09-2023 09:53:33.371 INFO] - Input email success
[27-09-2023 09:53:33.445 INFO] - Input password success
[27-09-2023 09:53:34.528 INFO] - Login success
[27-09-2023 09:53:34.627 INFO] - Input email success
[27-09-2023 09:53:34.698 INFO] - Input password success
[27-09-2023 09:53:35.753 INFO] - Login success
[27-09-2023 09:53:35.851 INFO] - Input email success
[27-09-2023 09:53:35.954 INFO] - Input password success
[27-09-2023 09:53:36.995 INFO] - Login success
[27-09-2023 09:53:37.091 INFO] - Input email success
[27-09-2023 09:53:37.195 INFO] - Input password success
[27-09-2023 09:53:38.317 INFO] - Login success
[27-09-2023 09:53:38.423 INFO] - Input email success
[27-09-2023 09:53:38.495 INFO] - Input password success
[27-09-2023 09:53:39.565 INFO] - Login success
[27-09-2023 09:53:39.645 INFO] - Input email success
[27-09-2023 09:53:39.709 INFO] - Input password success
[27-09-2023 09:53:40.797 INFO] - Login success
[27-09-2023 09:53:40.866 INFO] - Input email success
[27-09-2023 09:53:40.930 INFO] - Input password success
[27-09-2023 09:53:42.001 INFO] - Login success
[27-09-2023 09:53:42.080 INFO] - Input email success
[27-09-2023 09:53:42.144 INFO] - Input password success
[27-09-2023 09:53:43.210 INFO] - Login success
[27-09-2023 09:53:43.284 INFO] - Input email success
[27-09-2023 09:53:43.351 INFO] - Input password success
[27-09-2023 09:53:44.394 INFO] - Login success
[27-09-2023 09:53:44.464 INFO] - Input email success
[27-09-2023 09:53:44.509 INFO] - ---------- Login_01_Loginsuccessfully FAILED test ----------
[27-09-2023 09:53:44.513 INFO] - ---------- Login_01_Loginsuccessfully FAILED test ----------
